生成启动时间为 2019/7/22 3:56:54。
     1>项目“F:\PressureMachine\MasterControl\DllTool\DllTool.vcxproj”在节点 2 上(rebuild 个目标)。
     1>PrepareForBuild:
         正在创建目录“F:\PressureMachine\MasterControl\Release\”。
       InitializeBuildStatus:
         正在创建“Release\DllTool.unsuccessfulbuild”，因为已指定“AlwaysCreate”。
       ClCompile:
         C:\Program Files (x86)\Microsoft Visual Studio 10.0\VC\bin\CL.exe /c /Zi /nologo /W3 /WX- /O2 /Oi /Oy- /GL /D WIN32 /D NDEBUG /D _CONSOLE /D _UNICODE /D UNICODE /Gm- /EHsc /MD /GS /Gy /fp:precise /Zc:wchar_t /Zc:forScope /Yc"StdAfx.h" /Fp"Release\DllTool.pch" /Fo"Release\\" /Fd"Release\vc100.pdb" /Gd /TP /analyze- /errorReport:prompt stdafx.cpp
         stdafx.cpp
         C:\Program Files (x86)\Microsoft Visual Studio 10.0\VC\bin\CL.exe /c /Zi /nologo /W3 /WX- /O2 /Oi /Oy- /GL /D WIN32 /D NDEBUG /D _CONSOLE /D _UNICODE /D UNICODE /Gm- /EHsc /MD /GS /Gy /fp:precise /Zc:wchar_t /Zc:forScope /Yu"StdAfx.h" /Fp"Release\DllTool.pch" /Fo"Release\\" /Fd"Release\vc100.pdb" /Gd /TP /analyze- /errorReport:prompt DllTool.cpp FinsPLC\fins.cpp FinsPLC\tcpFinsCommand.cpp FinsPLC\tcpTransport.cpp FinsPLC\udpFinsCommand.cpp FinsPLC\udpTransport.cpp FinsProxy.cpp
         DllTool.cpp
     1>f:\pressuremachine\mastercontrol\dlltool\FinsPLC/fins.h(29): warning C4482: 使用了非标准扩展: 限定名中使用了枚举“OmronPlc::TransportType”
     1>f:\pressuremachine\mastercontrol\dlltool\FinsPLC/fins.h(29): warning C4482: 使用了非标准扩展: 限定名中使用了枚举“OmronPlc::TransportType”
         fins.cpp
     1>f:\pressuremachine\mastercontrol\dlltool\finsplc\fins.h(29): warning C4482: 使用了非标准扩展: 限定名中使用了枚举“OmronPlc::TransportType”
     1>f:\pressuremachine\mastercontrol\dlltool\finsplc\fins.h(29): warning C4482: 使用了非标准扩展: 限定名中使用了枚举“OmronPlc::TransportType”
     1>FinsPLC\fins.cpp(13): warning C4482: 使用了非标准扩展: 限定名中使用了枚举“OmronPlc::TransportType”
     1>FinsPLC\fins.cpp(16): warning C4482: 使用了非标准扩展: 限定名中使用了枚举“OmronPlc::TransportType”
     1>FinsPLC\fins.cpp(19): warning C4482: 使用了非标准扩展: 限定名中使用了枚举“OmronPlc::TransportType”
     1>FinsPLC\fins.cpp(144): warning C4482: 使用了非标准扩展: 限定名中使用了枚举“OmronPlc::MemoryArea”
     1>FinsPLC\fins.cpp(166): warning C4482: 使用了非标准扩展: 限定名中使用了枚举“OmronPlc::MemoryArea”
         tcpFinsCommand.cpp
     1>FinsPLC\tcpFinsCommand.cpp(2): fatal error C1083: 无法打开包括文件:“pthread.h”: No such file or directory
         tcpTransport.cpp
         udpFinsCommand.cpp
     1>FinsPLC\udpFinsCommand.cpp(66): warning C4101: “msg”: 未引用的局部变量
         udpTransport.cpp
         FinsProxy.cpp
     1>f:\pressuremachine\mastercontrol\dlltool\FinsPLC/fins.h(29): warning C4482: 使用了非标准扩展: 限定名中使用了枚举“OmronPlc::TransportType”
     1>f:\pressuremachine\mastercontrol\dlltool\FinsPLC/fins.h(29): warning C4482: 使用了非标准扩展: 限定名中使用了枚举“OmronPlc::TransportType”
     1>C:\Program Files (x86)\Microsoft Visual Studio 10.0\VC\include\vcclr.h(16): fatal error C1190: 托管目标代码需要“/clr”选项
     1>已完成生成项目“F:\PressureMachine\MasterControl\DllTool\DllTool.vcxproj”(rebuild 个目标)的操作 - 失败。

生成失败。

已用时间 00:00:05.44
