生成启动时间为 2019/7/22 2:27:14。
     1>项目“F:\PressureMachine\MasterControl\DllTool\DllTool.vcxproj”在节点 2 上(build 个目标)。
     1>C:\Program Files (x86)\MSBuild\Microsoft.Cpp\v4.0\Microsoft.CppBuild.targets(299,5): warning MSB8004: Output 目录未以斜杠结尾。此生成实例将添加斜杠，因为必须有这个斜杠才能正确计算 Output 目录。
     1>InitializeBuildStatus:
         正在创建“Debug\DllTool.unsuccessfulbuild”，因为已指定“AlwaysCreate”。
       ClCompile:
         正在删除文件“Debug\DllTool.pch”。
         C:\Program Files (x86)\Microsoft Visual Studio 10.0\VC\bin\CL.exe /c /I"pthreads-w32/include" /AI"C:\Program Files (x86)\Reference Assemblies\Microsoft\Framework\.NETFramework\v4.0" /Zi /clr /nologo /W3 /WX- /Od /Oy- /D WIN32 /D _DEBUG /D _CONSOLE /D _WINDLL /D _MBCS /EHa /MDd /GS /fp:precise /Zc:wchar_t /Zc:forScope /Yc"StdAfx.h" /Fp"Debug\DllTool.pch" /Fo"Debug\\" /Fd"Debug\vc100.pdb" /TP /FU"C:\Program Files (x86)\Reference Assemblies\Microsoft\Framework\.NETFramework\v4.0\System.Core.dll" /analyze- /errorReport:prompt stdafx.cpp /clr:nostdlib 
         stdafx.cpp
         C:\Program Files (x86)\Microsoft Visual Studio 10.0\VC\bin\CL.exe /c /I"pthreads-w32/include" /AI"C:\Program Files (x86)\Reference Assemblies\Microsoft\Framework\.NETFramework\v4.0" /Zi /clr /nologo /W3 /WX- /Od /Oy- /D WIN32 /D _DEBUG /D _CONSOLE /D _WINDLL /D _MBCS /EHa /MDd /GS /fp:precise /Zc:wchar_t /Zc:forScope /Yu"StdAfx.h" /Fp"Debug\DllTool.pch" /Fo"Debug\\" /Fd"Debug\vc100.pdb" /TP /FU"C:\Program Files (x86)\Reference Assemblies\Microsoft\Framework\.NETFramework\v4.0\System.Core.dll" /analyze- /errorReport:prompt DllTool.cpp FinsPLC\fins.cpp FinsPLC\tcpFinsCommand.cpp FinsPLC\tcpTransport.cpp FinsPLC\udpFinsCommand.cpp FinsPLC\udpTransport.cpp FinsProxy.cpp /clr:nostdlib 
         DllTool.cpp
     1>f:\pressuremachine\mastercontrol\dlltool\FinsPLC/fins.h(29): warning C4482: 使用了非标准扩展: 限定名中使用了枚举“OmronPlc::TransportType”
     1>f:\pressuremachine\mastercontrol\dlltool\FinsPLC/fins.h(29): warning C4482: 使用了非标准扩展: 限定名中使用了枚举“OmronPlc::TransportType”
         fins.cpp
     1>f:\pressuremachine\mastercontrol\dlltool\finsplc\fins.h(29): warning C4482: 使用了非标准扩展: 限定名中使用了枚举“OmronPlc::TransportType”
     1>f:\pressuremachine\mastercontrol\dlltool\finsplc\fins.h(29): warning C4482: 使用了非标准扩展: 限定名中使用了枚举“OmronPlc::TransportType”
     1>FinsPLC\fins.cpp(13): warning C4482: 使用了非标准扩展: 限定名中使用了枚举“OmronPlc::TransportType”
     1>FinsPLC\fins.cpp(16): warning C4482: 使用了非标准扩展: 限定名中使用了枚举“OmronPlc::TransportType”
     1>FinsPLC\fins.cpp(19): warning C4482: 使用了非标准扩展: 限定名中使用了枚举“OmronPlc::TransportType”
     1>FinsPLC\fins.cpp(144): warning C4482: 使用了非标准扩展: 限定名中使用了枚举“OmronPlc::MemoryArea”
     1>FinsPLC\fins.cpp(166): warning C4482: 使用了非标准扩展: 限定名中使用了枚举“OmronPlc::MemoryArea”
         tcpFinsCommand.cpp
     1>FinsPLC\tcpFinsCommand.cpp(108): warning C4101: “msg”: 未引用的局部变量
         tcpTransport.cpp
         udpFinsCommand.cpp
     1>FinsPLC\udpFinsCommand.cpp(66): warning C4101: “msg”: 未引用的局部变量
         udpTransport.cpp
         FinsProxy.cpp
     1>f:\pressuremachine\mastercontrol\dlltool\FinsPLC/fins.h(29): warning C4482: 使用了非标准扩展: 限定名中使用了枚举“OmronPlc::TransportType”
     1>f:\pressuremachine\mastercontrol\dlltool\FinsPLC/fins.h(29): warning C4482: 使用了非标准扩展: 限定名中使用了枚举“OmronPlc::TransportType”
         正在生成代码...
         C:\Program Files (x86)\Microsoft Visual Studio 10.0\VC\bin\CL.exe /c /I"pthreads-w32/include" /Zi /clr /nologo /W3 /WX- /Od /Oy- /D WIN32 /D _DEBUG /D _CONSOLE /D _WINDLL /D _MBCS /EHa /MDd /GS /fp:precise /Zc:wchar_t /Zc:forScope /Fo"Debug\\" /Fd"Debug\vc100.pdb" /TP /analyze- /errorReport:prompt "C:\Users\rs\AppData\Local\Temp\.NETFramework,Version=v4.0.AssemblyAttributes.cpp"
         .NETFramework,Version=v4.0.AssemblyAttributes.cpp
       Link:
         C:\Program Files (x86)\Microsoft Visual Studio 10.0\VC\bin\link.exe /ERRORREPORT:PROMPT /OUT:"F:\PressureMachine\MasterControl\\MasterControl\bin\Debug\DllTool.dll" /INCREMENTAL /NOLOGO /LIBPATH:"pthreads-w32/lib/x86" pthreadVC2.lib pthreadVCE2.lib pthreadVSE2.lib kernel32.lib user32.lib gdi32.lib winspool.lib comdlg32.lib advapi32.lib shell32.lib ole32.lib oleaut32.lib uuid.lib odbc32.lib odbccp32.lib /MANIFEST /ManifestFile:"Debug\DllTool.dll.intermediate.manifest" /MANIFESTUAC:"level='asInvoker' uiAccess='false'" /DEBUG /PDB:"F:\PressureMachine\MasterControl\MasterControl\bin\Debug\DllTool.pdb" /ASSEMBLYDEBUG /SUBSYSTEM:CONSOLE /TLBID:1 /DYNAMICBASE /FIXED:NO /NXCOMPAT /MACHINE:X86 /DLL Debug\DllTool.obj
         Debug\fins.obj
         Debug\tcpFinsCommand.obj
         Debug\tcpTransport.obj
         Debug\udpFinsCommand.obj
         Debug\udpTransport.obj
         Debug\FinsProxy.obj
         Debug\stdafx.obj
         "Debug\.NETFramework,Version=v4.0.AssemblyAttributes.obj"
     1>tcpFinsCommand.obj : warning LNK4248: 无法解析 typeref 标记(0100001E)(为“pthread_mutex_t_”)；映像可能无法运行
         DllTool.vcxproj -> F:\PressureMachine\MasterControl\\MasterControl\bin\Debug\DllTool.dll
       Manifest:
         C:\Program Files (x86)\Microsoft SDKs\Windows\v7.0A\bin\mt.exe /nologo /verbose /outputresource:"F:\PressureMachine\MasterControl\\MasterControl\bin\Debug\DllTool.dll;#2" /manifest Debug\DllTool.dll.intermediate.manifest
       FinalizeBuildStatus:
         正在删除文件“Debug\DllTool.unsuccessfulbuild”。
         正在对“Debug\DllTool.lastbuildstate”执行 Touch 任务。
     1>已完成生成项目“F:\PressureMachine\MasterControl\DllTool\DllTool.vcxproj”(build 个目标)的操作。

生成成功。

已用时间 00:00:34.10
