c:\users\xx\desktop\mastercontrol\dlltool\debug\dlltool.pch
c:\users\xx\desktop\mastercontrol\dlltool\debug\vc140.pdb
c:\users\xx\desktop\mastercontrol\dlltool\debug\stdafx.obj
c:\users\xx\desktop\mastercontrol\dlltool\debug\finsproxy.obj
c:\users\xx\desktop\mastercontrol\dlltool\debug\udptransport.obj
c:\users\xx\desktop\mastercontrol\dlltool\debug\udpfinscommand.obj
c:\users\xx\desktop\mastercontrol\dlltool\debug\tcptransport.obj
c:\users\xx\desktop\mastercontrol\dlltool\debug\tcpfinscommand.obj
c:\users\xx\desktop\mastercontrol\dlltool\debug\fins.obj
c:\users\xx\desktop\mastercontrol\dlltool\debug\dlltool.obj
c:\users\xx\desktop\mastercontrol\dlltool\debug\.netframework,version=v4.0.assemblyattributes.obj
c:\users\xx\desktop\mastercontrol\dlltool\debug\.netframework,version=v4.0.assemblyattributes.asm
c:\users\xx\desktop\mastercontrol\mastercontrol\bin\debug\dlltool.dll
c:\users\xx\desktop\mastercontrol\mastercontrol\bin\debug\dlltool.pdb
c:\users\xx\desktop\mastercontrol\\mastercontrol\bin\debug\dlltool.pdb
c:\users\xx\desktop\mastercontrol\\mastercontrol\bin\debug\dlltool.dll
c:\users\xx\desktop\mastercontrol\dlltool\debug\dlltool.tlog\cl.command.1.tlog
c:\users\xx\desktop\mastercontrol\dlltool\debug\dlltool.tlog\cl.read.1.tlog
c:\users\xx\desktop\mastercontrol\dlltool\debug\dlltool.tlog\cl.write.1.tlog
c:\users\xx\desktop\mastercontrol\dlltool\debug\dlltool.tlog\link.command.1.tlog
c:\users\xx\desktop\mastercontrol\dlltool\debug\dlltool.tlog\link.read.1.tlog
c:\users\xx\desktop\mastercontrol\dlltool\debug\dlltool.tlog\link.write.1.tlog
c:\users\xx\desktop\mastercontrol\dlltool\debug\dlltool.tlog\metagen.read.1.tlog
c:\users\xx\desktop\mastercontrol\dlltool\debug\dlltool.tlog\metagen.write.1.tlog
c:\users\xx\desktop\mastercontrol\dlltool\debug\dlltool.tlog\rsaenh.dll.bi
c:\users\xx\desktop\mastercontrol\dlltool\debug\dlltool.tlog\tzres.dll.bi
